0 info it worked if it ends with ok
1 verbose cli [ '/root/.nvm/versions/node/v4.4.4/bin/node',
1 verbose cli   '/root/.nvm/versions/node/v4.4.4/bin/npm',
1 verbose cli   'start' ]
2 info using npm@3.10.9
3 info using node@v4.4.4
4 verbose run-script [ 'prestart', 'start', 'poststart' ]
5 info lifecycle glow@0.1.0~prestart: glow@0.1.0
6 silly lifecycle glow@0.1.0~prestart: no script for prestart, continuing
7 info lifecycle glow@0.1.0~start: glow@0.1.0
8 verbose lifecycle glow@0.1.0~start: unsafe-perm in lifecycle true
9 verbose lifecycle glow@0.1.0~start: PATH: /root/.nvm/versions/node/v4.4.4/lib/node_modules/npm/bin/node-gyp-bin:/srv/ox/glow/source/application/views/glow/out/glow/node_modules/.bin:/root/.nvm/versions/node/v4.4.4/bin:/usr/local/sbin:/usr/local/bin:/usr/sbin:/usr/bin:/sbin:/bin:/usr/games:/usr/local/games:/snap/bin
10 verbose lifecycle glow@0.1.0~start: CWD: /srv/ox/glow/source/application/views/glow/out/glow
11 silly lifecycle glow@0.1.0~start: Args: [ '-c', 'node dev.js' ]
12 silly lifecycle glow@0.1.0~start: Returned: code: 1  signal: null
13 info lifecycle glow@0.1.0~start: Failed to exec start script
14 verbose stack Error: glow@0.1.0 start: `node dev.js`
14 verbose stack Exit status 1
14 verbose stack     at EventEmitter.<anonymous> (/root/.nvm/versions/node/v4.4.4/lib/node_modules/npm/lib/utils/lifecycle.js:255:16)
14 verbose stack     at emitTwo (events.js:87:13)
14 verbose stack     at EventEmitter.emit (events.js:172:7)
14 verbose stack     at ChildProcess.<anonymous> (/root/.nvm/versions/node/v4.4.4/lib/node_modules/npm/lib/utils/spawn.js:40:14)
14 verbose stack     at emitTwo (events.js:87:13)
14 verbose stack     at ChildProcess.emit (events.js:172:7)
14 verbose stack     at maybeClose (internal/child_process.js:827:16)
14 verbose stack     at Process.ChildProcess._handle.onexit (internal/child_process.js:211:5)
15 verbose pkgid glow@0.1.0
16 verbose cwd /srv/ox/glow/source/application/views/glow/out/glow
17 error Linux 4.4.0-47-generic
18 error argv "/root/.nvm/versions/node/v4.4.4/bin/node" "/root/.nvm/versions/node/v4.4.4/bin/npm" "start"
19 error node v4.4.4
20 error npm  v3.10.9
21 error code ELIFECYCLE
22 error glow@0.1.0 start: `node dev.js`
22 error Exit status 1
23 error Failed at the glow@0.1.0 start script 'node dev.js'.
23 error Make sure you have the latest version of node.js and npm installed.
23 error If you do, this is most likely a problem with the glow package,
23 error not with npm itself.
23 error Tell the author that this fails on your system:
23 error     node dev.js
23 error You can get information on how to open an issue for this project with:
23 error     npm bugs glow
23 error Or if that isn't available, you can get their info via:
23 error     npm owner ls glow
23 error There is likely additional logging output above.
24 verbose exit [ 1, true ]
